<?xml version="1.0" encoding="UTF-8"?>
<testng-results ignored="0" total="1" passed="1" failed="0" skipped="0">
  <reporter-output>
  </reporter-output>
  <suite started-at="2025-05-27T12:38:11 IST" name="Default suite" finished-at="2025-05-27T12:39:30 IST" duration-ms="78153">
    <groups>
    </groups>
    <test started-at="2025-05-27T12:38:11 IST" name="Default test" finished-at="2025-05-27T12:39:30 IST" duration-ms="78153">
      <class name="Org.AutomationExcercise.TestCaseAutomate.WomenPagesTestCase">
        <test-method signature="verifyTheWomenPagesTC()[pri:0, instance:Org.AutomationExcercise.TestCaseAutomate.WomenPagesTestCase@7f485fda]" started-at="2025-05-27T12:38:12 IST" name="verifyTheWomenPagesTC" finished-at="2025-05-27T12:39:30 IST" duration-ms="78048" status="PASS">
          <reporter-output>
          </reporter-output>
        </test-method> <!-- verifyTheWomenPagesTC -->
      </class> <!-- Org.AutomationExcercise.TestCaseAutomate.WomenPagesTestCase -->
    </test> <!-- Default test -->
  </suite> <!-- Default suite -->
</testng-results>
